<?xml version="1.0" encoding="UTF-8"?>
<coverage generated="1701669539392" clover="3.2.0">
  <project timestamp="1701669539392" name="All files">
    <metrics statements="22" coveredstatements="22" conditionals="4" coveredconditionals="2" methods="4" coveredmethods="4" elements="30" coveredelements="28" complexity="0" loc="22" ncloc="22" packages="3" files="3" classes="3"/>
    <package name="atoms.Slider">
      <metrics statements="7" coveredstatements="7" conditionals="0" coveredconditionals="0" methods="1" coveredmethods="1"/>
      <file name="index.tsx" path="/home/paritosh.pranjal/ParitoshPranjal/scraffolding/frontend/src/components/atoms/Slider/index.tsx">
        <metrics statements="7" coveredstatements="7" conditionals="0" coveredconditionals="0" methods="1" coveredmethods="1"/>
        <line num="1" count="1" type="stmt"/>
        <line num="2" count="1" type="stmt"/>
        <line num="8" count="1" type="stmt"/>
        <line num="22" count="1" type="stmt"/>
        <line num="27" count="1" type="stmt"/>
        <line num="28" count="2" type="stmt"/>
        <line num="43" count="1" type="stmt"/>
      </file>
    </package>
    <package name="atoms.Typography">
      <metrics statements="5" coveredstatements="5" conditionals="0" coveredconditionals="0" methods="1" coveredmethods="1"/>
      <file name="index.tsx" path="/home/paritosh.pranjal/ParitoshPranjal/scraffolding/frontend/src/components/atoms/Typography/index.tsx">
        <metrics statements="5" coveredstatements="5" conditionals="0" coveredconditionals="0" methods="1" coveredmethods="1"/>
        <line num="1" count="1" type="stmt"/>
        <line num="5" count="1" type="stmt"/>
        <line num="9" count="1" type="stmt"/>
        <line num="10" count="6" type="stmt"/>
        <line num="13" count="1" type="stmt"/>
      </file>
    </package>
    <package name="molecules.Tabs">
      <metrics statements="10" coveredstatements="10" conditionals="4" coveredconditionals="2" methods="2" coveredmethods="2"/>
      <file name="index.tsx" path="/home/paritosh.pranjal/ParitoshPranjal/scraffolding/frontend/src/components/molecules/Tabs/index.tsx">
        <metrics statements="10" coveredstatements="10" conditionals="4" coveredconditionals="2" methods="2" coveredmethods="2"/>
        <line num="1" count="1" type="stmt"/>
        <line num="2" count="1" type="stmt"/>
        <line num="3" count="1" type="stmt"/>
        <line num="4" count="1" type="stmt"/>
        <line num="11" count="1" type="stmt"/>
        <line num="17" count="1" type="stmt"/>
        <line num="18" count="3" type="stmt"/>
        <line num="19" count="1" type="stmt"/>
        <line num="22" count="3" type="stmt"/>
        <line num="66" count="1" type="stmt"/>
      </file>
    </package>
  </project>
</coverage>
