{"/home/paritosh.pranjal/ParitoshPranjal/scraffolding/frontend/src/components/atoms/Slider/index.tsx": {"path":"/home/paritosh.pranjal/ParitoshPranjal/scraffolding/frontend/src/components/atoms/Slider/index.tsx","statementMap":{"0":{"start":{"line":1,"column":0},"end":{"line":1,"column":26}},"1":{"start":{"line":2,"column":0},"end":{"line":2,"column":65}},"2":{"start":{"line":8,"column":21},"end":{"line":20,"column":2}},"3":{"start":{"line":22,"column":18},"end":{"line":25,"column":2}},"4":{"start":{"line":27,"column":15},"end":{"line":41,"column":1}},"5":{"start":{"line":28,"column":2},"end":{"line":40,"column":4}},"6":{"start":{"line":43,"column":0},"end":{"line":43,"column":22}}},"fnMap":{"0":{"name":"(anonymous_1)","decl":{"start":{"line":27,"column":15},"end":{"line":27,"column":16}},"loc":{"start":{"line":27,"column":52},"end":{"line":41,"column":1}}}},"branchMap":{},"s":{"0":1,"1":1,"2":1,"3":1,"4":1,"5":2,"6":1},"f":{"0":2},"b":{}}
,"/home/paritosh.pranjal/ParitoshPranjal/scraffolding/frontend/src/components/atoms/Typography/index.tsx": {"path":"/home/paritosh.pranjal/ParitoshPranjal/scraffolding/frontend/src/components/atoms/Typography/index.tsx","statementMap":{"0":{"start":{"line":1,"column":0},"end":{"line":1,"column":null}},"1":{"start":{"line":5,"column":0},"end":{"line":5,"column":26}},"2":{"start":{"line":9,"column":21},"end":{"line":11,"column":3}},"3":{"start":{"line":10,"column":4},"end":{"line":10,"column":70}},"4":{"start":{"line":13,"column":2},"end":{"line":13,"column":28}}},"fnMap":{"0":{"name":"(anonymous_1)","decl":{"start":{"line":9,"column":21},"end":{"line":9,"column":22}},"loc":{"start":{"line":9,"column":48},"end":{"line":11,"column":3}}}},"branchMap":{},"s":{"0":1,"1":1,"2":1,"3":6,"4":1},"f":{"0":6},"b":{}}
,"/home/paritosh.pranjal/ParitoshPranjal/scraffolding/frontend/src/components/molecules/Tabs/index.tsx": {"path":"/home/paritosh.pranjal/ParitoshPranjal/scraffolding/frontend/src/components/molecules/Tabs/index.tsx","statementMap":{"0":{"start":{"line":1,"column":0},"end":{"line":1,"column":26}},"1":{"start":{"line":2,"column":0},"end":{"line":2,"column":58}},"2":{"start":{"line":3,"column":0},"end":{"line":3,"column":54}},"3":{"start":{"line":4,"column":0},"end":{"line":4,"column":37}},"4":{"start":{"line":11,"column":18},"end":{"line":15,"column":2}},"5":{"start":{"line":17,"column":34},"end":{"line":64,"column":1}},"6":{"start":{"line":18,"column":26},"end":{"line":20,"column":3}},"7":{"start":{"line":19,"column":4},"end":{"line":19,"column":26}},"8":{"start":{"line":22,"column":2},"end":{"line":63,"column":4}},"9":{"start":{"line":66,"column":0},"end":{"line":66,"column":20}}},"fnMap":{"0":{"name":"(anonymous_1)","decl":{"start":{"line":17,"column":34},"end":{"line":17,"column":35}},"loc":{"start":{"line":17,"column":67},"end":{"line":64,"column":1}}},"1":{"name":"(anonymous_2)","decl":{"start":{"line":18,"column":26},"end":{"line":18,"column":27}},"loc":{"start":{"line":18,"column":76},"end":{"line":20,"column":3}}}},"branchMap":{"0":{"loc":{"start":{"line":34,"column":18},"end":{"line":36,"column":29}},"type":"cond-expr","locations":[{"start":{"line":35,"column":22},"end":{"line":35,"column":27}},{"start":{"line":36,"column":22},"end":{"line":36,"column":29}}]},"1":{"loc":{"start":{"line":52,"column":18},"end":{"line":54,"column":27}},"type":"cond-expr","locations":[{"start":{"line":53,"column":20},"end":{"line":53,"column":25}},{"start":{"line":54,"column":20},"end":{"line":54,"column":27}}]}},"s":{"0":1,"1":1,"2":1,"3":1,"4":1,"5":1,"6":3,"7":1,"8":3,"9":1},"f":{"0":3,"1":1},"b":{"0":[3,0],"1":[0,3]}}
}
