TN:
SF:src/components/atoms/Slider/index.tsx
FN:27,(anonymous_1)
FNF:1
FNH:1
FNDA:2,(anonymous_1)
DA:1,1
DA:2,1
DA:8,1
DA:22,1
DA:27,1
DA:28,2
DA:43,1
LF:7
LH:7
BRF:0
BRH:0
end_of_record
TN:
SF:src/components/atoms/Typography/index.tsx
FN:9,(anonymous_1)
FNF:1
FNH:1
FNDA:6,(anonymous_1)
DA:1,1
DA:5,1
DA:9,1
DA:10,6
DA:13,1
LF:5
LH:5
BRF:0
BRH:0
end_of_record
TN:
SF:src/components/molecules/Tabs/index.tsx
FN:17,(anonymous_1)
FN:18,(anonymous_2)
FNF:2
FNH:2
FNDA:3,(anonymous_1)
FNDA:1,(anonymous_2)
DA:1,1
DA:2,1
DA:3,1
DA:4,1
DA:11,1
DA:17,1
DA:18,3
DA:19,1
DA:22,3
DA:66,1
LF:10
LH:10
BRDA:34,0,0,3
BRDA:34,0,1,0
BRDA:52,1,0,0
BRDA:52,1,1,3
BRF:4
BRH:2
end_of_record
